

HI-TECH Software PIC Macro Assembler V9.83 build 10920 
                                                                                                           Sun Apr 28 09:28:03 2024


     1                           
     2                           	; HI-TECH C Compiler for PIC10/12/16 MCUs V9.83
     3                           	; Copyright (C) 1984-2011 HI-TECH Software
     4                           	;Serial no. HCPICP-111111
     5                           
     6                           	; Auto-generated runtime startup code for final link stage.
     7                           
     8                           	;
     9                           	; Compiler options:
    10                           	;
    11                           	; \
    12                           	; @C:\Program Files (x86)\HI-TECH Software\PICC\9.83\bin\longcmdline1.cmd
    13                           	;
    14                           
    15                           
    16                           	processor	16F883
    17                           
    18                           	global	_main,start,_exit,reset_vec
    19                           	fnroot	_main
    20                           	psect	config,class=CONFIG,delta=2
    21                           	psect	idloc,class=IDLOC,delta=2
    22                           	psect	code,class=CODE,delta=2
    23                           	psect	powerup,class=CODE,delta=2
    24                           	psect	reset_vec,class=CODE,delta=2
    25                           	psect	maintext,class=CODE,delta=2
    26  0000                     	C	set	0
    27  0002                     	Z	set	2
    28  0002                     	PCL	set	2
    29  0000                     	INDF	set	0
    30                           
    31  0003                     	STATUS	equ	3
    32  000A                     	PCLATH	equ	0Ah
    33                           
    34                           	psect	eeprom_data,class=EEDATA,delta=2,space=2
    35                           	psect	intentry,class=CODE,delta=2
    36                           	psect	functab,class=CODE,delta=2
    37                           	global	intlevel0,intlevel1,intlevel2, intlevel3, intlevel4, intlevel5
    38  0000                     intlevel0:
    39  0000                     intlevel1:
    40  0000                     intlevel2:
    41  0000                     intlevel3:
    42  0000                     intlevel4:
    43  0000                     intlevel5:
    44                           	psect	init,class=CODE,delta=2
    45                           	psect	cinit,class=CODE,delta=2
    46                           	psect	text,class=CODE,delta=2
    47                           	psect	end_init,class=CODE,delta=2
    48                           	psect	clrtext,class=CODE,delta=2
    49  0004                     	FSR	set	4
    50                           	psect	strings,class=CODE,delta=2,reloc=256
    51                           
    52                           	psect	reset_vec
    53  0000                     reset_vec:
    54                           	; No powerup routine
    55                           	global start
    56                           
    57                           ; jump to start
    58  0000  118A  2811         	goto	start & 0x7FF | (reset_vec & not 0x7FF)
    59                           
    60                           
    61                           
    62                           	psect	init
    63  0011                     start
    64  0011                     _exit
    65                           	psect	end_init
    66                           	global start_initialization
    67  0011  158A  2B10         	ljmp start_initialization	;jump to C runtime clear & initialization


HI-TECH Software PICC Macro Assembler V9.83 build 10920 
Symbol Table                                                                                               Sun Apr 28 09:28:03 2024

               _main 0CCA                 _exit 0011                 start 0011  start_initialization 0B10  
           intlevel0 0000             intlevel1 0000             intlevel2 0000             intlevel3 0000  
           intlevel4 0000             intlevel5 0000             reset_vec 0000  
